<?xml version="1.0" encoding="UTF-8"?>
<testsuite xmlns:xsi="http://www.w3.org/2001/XMLSchema-instance" xsi:noNamespaceSchemaLocation="https://maven.apache.org/surefire/maven-surefire-plugin/xsd/surefire-test-report.xsd" name="TestSuite" time="56.058" tests="58" errors="0" skipped="0" failures="0">
  <properties>
[...]
</properties>
  <testcase name="checkStatus" classname="te.application.api.test.B2C.positive.ForgetPasswordTest" time="0.41"/>
  <testcase name="checkMessage" classname="te.application.api.test.B2C.positive.ForgetPasswordTest" time="0.009"/>
  <testcase name="successMessage" classname="te.application.api.test.B2C.positive.ForgetPasswordTest" time="0.008"/>
  <testcase name="checkSentStatus" classname="te.application.api.test.B2C.positive.ForgetPasswordTest" time="0.009"/>
  <testcase name="checkResetPasswordMessage" classname="te.application.api.test.B2C.positive.ForgetPasswordTest" time="0.007"/>
  <testcase name="signUpWithBlankCredentials" classname="te.application.api.test.B2C.negative.SignUpTest" time="0.712"/>
  <testcase name="signUpWithFirstNameOnly" classname="te.application.api.test.B2C.negative.SignUpTest" time="0.876"/>
  <testcase name="signUpWithLastNameOnly" classname="te.application.api.test.B2C.negative.SignUpTest" time="0.671"/>
  <testcase name="signUpWithPasswordOnly" classname="te.application.api.test.B2C.negative.SignUpTest" time="0.735"/>
  <testcase name="signupWithEmailAndFirstName" classname="te.application.api.test.B2C.negative.SignUpTest" time="0.689"/>
  <testcase name="signupWithEmailAndLastName" classname="te.application.api.test.B2C.negative.SignUpTest" time="0.654"/>
  <testcase name="signupWithEmailAndPassword" classname="te.application.api.test.B2C.negative.SignUpTest" time="1.135"/>
  <testcase name="signupWithFirstNameAndLastName" classname="te.application.api.test.B2C.negative.SignUpTest" time="0.876"/>
  <testcase name="signupWithFirstNameAndPassword" classname="te.application.api.test.B2C.negative.SignUpTest" time="0.629"/>
  <testcase name="signupWithEmailFirstNameLastName" classname="te.application.api.test.B2C.negative.SignUpTest" time="0.581"/>
  <testcase name="signupWithEmailFirstNamePassword" classname="te.application.api.test.B2C.negative.SignUpTest" time="1.191"/>
  <testcase name="signupWithLastNameFirstNamePassword" classname="te.application.api.test.B2C.negative.SignUpTest" time="0.618"/>
  <testcase name="signupWithEmailLastNamePassword" classname="te.application.api.test.B2C.negative.SignUpTest" time="0.58"/>
  <testcase name="signupWithEmailFirstNameLastNamePassword" classname="te.application.api.test.B2C.negative.SignUpTest" time="1.857"/>
  <testcase name="signupWithOnlyDateOfBirth" classname="te.application.api.test.B2C.negative.SignUpTest" time="0.668"/>
  <testcase name="signupWithOnlyDateOfBirthAndFirstName" classname="te.application.api.test.B2C.negative.SignUpTest" time="0.605"/>
  <testcase name="signupWithOnlyDateOfBirthAndLastName" classname="te.application.api.test.B2C.negative.SignUpTest" time="1.993"/>
  <testcase name="signupWithOnlyDateOfBirthFirstNameLastName" classname="te.application.api.test.B2C.negative.SignUpTest" time="0.642"/>
  <testcase name="signupWithOnlyEmailDateOfBirthFirstNameLastName" classname="te.application.api.test.B2C.negative.SignUpTest" time="0.524"/>
  <testcase name="signupWithOnlyEmailDateOfBirthFirstNameLastNamePassword" classname="te.application.api.test.B2C.negative.SignUpTest" time="1.997"/>
  <testcase name="signupWithOnlyEmailDateOfBirthPassword" classname="te.application.api.test.B2C.negative.SignUpTest" time="0.532"/>
  <testcase name="signupWithOnlyDateOfBirthPassword" classname="te.application.api.test.B2C.negative.SignUpTest" time="0.624"/>
  <testcase name="signupWithOnlyNationality" classname="te.application.api.test.B2C.negative.SignUpTest" time="0.811"/>
  <testcase name="signupWithOnlyNationalityFirstName" classname="te.application.api.test.B2C.negative.SignUpTest" time="0.582"/>
  <testcase name="signupWithOnlyNationalityEmail" classname="te.application.api.test.B2C.negative.SignUpTest" time="0.688"/>
  <testcase name="signupWithOnlyNationalityPassword" classname="te.application.api.test.B2C.negative.SignUpTest" time="0.647"/>
  <testcase name="signupWithOnlyNationalityDateOfBirth" classname="te.application.api.test.B2C.negative.SignUpTest" time="0.507"/>
  <testcase name="signupWithOnlyNationalityFirstNameEmail" classname="te.application.api.test.B2C.negative.SignUpTest" time="0.44"/>
  <testcase name="signupWithOnlyNationalityLastNameEmail" classname="te.application.api.test.B2C.negative.SignUpTest" time="0.475"/>
  <testcase name="signupWithOnlyNationalityFirstNamePassword" classname="te.application.api.test.B2C.negative.SignUpTest" time="0.522"/>
  <testcase name="signupWithOnlyNationalityLastNamePassword" classname="te.application.api.test.B2C.negative.SignUpTest" time="0.57"/>
  <testcase name="signupWithOnlyNationalityFirstNameDateOfBirth" classname="te.application.api.test.B2C.negative.SignUpTest" time="0.74"/>
  <testcase name="signupWithOnlyNationalityLastNameDateOfBirth" classname="te.application.api.test.B2C.negative.SignUpTest" time="1.036"/>
  <testcase name="signupWithOnlyNationalityEmailPasswordDateOfBirth" classname="te.application.api.test.B2C.negative.SignUpTest" time="1.104"/>
  <testcase name="signupWithOnlyNationalityEmailFirstNameLastNameDateOfBirth" classname="te.application.api.test.B2C.negative.SignUpTest" time="0.662"/>
  <testcase name="signupWithOnlyNationalityDateOfBirthFirstNameLastNamePassword" classname="te.application.api.test.B2C.negative.SignUpTest" time="0.516"/>
  <testcase name="signupWithOnlyNationalityDateOfBirthFirstNameLastNamePasswordEmail" classname="te.application.api.test.B2C.negative.SignUpTest" time="1.831"/>
  <testcase name="signupWithOnlyNationalityDateOfBirthFirstNamePasswordEmail" classname="te.application.api.test.B2C.negative.SignUpTest" time="0.554"/>
  <testcase name="signupWithOnlyNationalityDateOfBirthLastNamePasswordEmail" classname="te.application.api.test.B2C.negative.SignUpTest" time="0.594"/>
  <testcase name="checkStatus" classname="te.application.api.test.B2C.positive.SignUpTest" time="0"/>
  <testcase name="checkMessage" classname="te.application.api.test.B2C.positive.SignUpTest" time="0.006"/>
  <testcase name="checkFirstName" classname="te.application.api.test.B2C.positive.SignUpTest" time="0.007"/>
  <testcase name="checkLastName" classname="te.application.api.test.B2C.positive.SignUpTest" time="0.007"/>
  <testcase name="checkSessionToken" classname="te.application.api.test.B2C.positive.SignUpTest" time="0.007"/>
  <testcase name="checkNewResister" classname="te.application.api.test.B2C.positive.SignUpTest" time="0.006"/>
  <testcase name="checkNationality" classname="te.application.api.test.B2C.positive.SignUpTest" time="0.006"/>
  <testcase name="checkBirthdate" classname="te.application.api.test.B2C.positive.SignUpTest" time="0.006"/>
  <testcase name="checkAlreadyExistEmail" classname="te.application.api.test.B2C.positive.SignUpTest" time="1.22"/>
  <testcase name="signInWithRandomEmailAndValidPassword" classname="te.application.api.test.B2C.negative.SignInTest" time="0.483"/>
  <testcase name="signInWithValidEmailAndRandomPassword" classname="te.application.api.test.B2C.negative.SignInTest" time="0.893"/>
  <testcase name="signInWithBlankCredentials" classname="te.application.api.test.B2C.negative.SignInTest" time="0.45"/>
  <testcase name="signInWithEmailOnly" classname="te.application.api.test.B2C.negative.SignInTest" time="0.585"/>
  <testcase name="signInWithPasswordOnly" classname="te.application.api.test.B2C.negative.SignInTest" time="0.366"/>
</testsuite>