<?xml version="1.0" encoding="UTF-8"?>
<testng-results ignored="0" total="58" passed="58" failed="0" skipped="0">
  <reporter-output>
  </reporter-output>
  <suite started-at="2023-08-07T08:10:04Z" name="API Test Suite" finished-at="2023-08-07T08:10:55Z" duration-ms="50171">
    <groups>
    </groups>
    <test started-at="2023-08-07T08:10:04Z" name="Forgot Password" finished-at="2023-08-07T08:10:07Z" duration-ms="2072">
      <class name="te.application.api.test.B2C.positive.ForgetPasswordTest">
        <test-method is-config="true" signature="ValidateForgetPassword()[pri:0, instance:te.application.api.test.B2C.positive.ForgetPasswordTest@68e965f5]" started-at="2023-08-07T08:10:04Z" name="ValidateForgetPassword" finished-at="2023-08-07T08:10:06Z" duration-ms="1616" status="PASS">
          <reporter-output>
          </reporter-output>
        </test-method> <!-- ValidateForgetPassword -->
        <test-method signature="checkStatus()[pri:0, instance:te.application.api.test.B2C.positive.ForgetPasswordTest@68e965f5]" started-at="2023-08-07T08:10:06Z" name="checkStatus" description="Status code check" finished-at="2023-08-07T08:10:07Z" duration-ms="409" status="PASS">
          <reporter-output>
          </reporter-output>
        </test-method> <!-- checkStatus -->
        <test-method signature="checkMessage()[pri:1, instance:te.application.api.test.B2C.positive.ForgetPasswordTest@68e965f5]" started-at="2023-08-07T08:10:07Z" name="checkMessage" description="Status Success Message" finished-at="2023-08-07T08:10:07Z" duration-ms="9" status="PASS">
          <reporter-output>
          </reporter-output>
        </test-method> <!-- checkMessage -->
        <test-method signature="successMessage()[pri:2, instance:te.application.api.test.B2C.positive.ForgetPasswordTest@68e965f5]" started-at="2023-08-07T08:10:07Z" name="successMessage" description="Verify Success Message is true" finished-at="2023-08-07T08:10:07Z" duration-ms="8" status="PASS">
          <reporter-output>
          </reporter-output>
        </test-method> <!-- successMessage -->
        <test-method signature="checkSentStatus()[pri:3, instance:te.application.api.test.B2C.positive.ForgetPasswordTest@68e965f5]" started-at="2023-08-07T08:10:07Z" name="checkSentStatus" description="Check Email sent is true" finished-at="2023-08-07T08:10:07Z" duration-ms="9" status="PASS">
          <reporter-output>
          </reporter-output>
        </test-method> <!-- checkSentStatus -->
        <test-method signature="checkResetPasswordMessage()[pri:4, instance:te.application.api.test.B2C.positive.ForgetPasswordTest@68e965f5]" started-at="2023-08-07T08:10:07Z" name="checkResetPasswordMessage" description="Verify ResetPassword Message" finished-at="2023-08-07T08:10:07Z" duration-ms="7" status="PASS">
          <reporter-output>
          </reporter-output>
        </test-method> <!-- checkResetPasswordMessage -->
      </class> <!-- te.application.api.test.B2C.positive.ForgetPasswordTest -->
    </test> <!-- Forgot Password -->
    <test started-at="2023-08-07T08:10:12Z" name="Sign Up Negative Scenarios" finished-at="2023-08-07T08:10:44Z" duration-ms="31688">
      <class name="te.application.api.test.B2C.negative.SignUpTest">
        <test-method signature="signUpWithBlankCredentials()[pri:0, instance:te.application.api.test.B2C.negative.SignUpTest@72e5a8e]" started-at="2023-08-07T08:10:12Z" name="signUpWithBlankCredentials" description="Signup with blank credentials body" finished-at="2023-08-07T08:10:13Z" duration-ms="712" status="PASS">
          <reporter-output>
          </reporter-output>
        </test-method> <!-- signUpWithBlankCredentials -->
        <test-method signature="signUpWithFirstNameOnly()[pri:1, instance:te.application.api.test.B2C.negative.SignUpTest@72e5a8e]" started-at="2023-08-07T08:10:13Z" name="signUpWithFirstNameOnly" description="Signup with only firstname " finished-at="2023-08-07T08:10:13Z" duration-ms="876" status="PASS">
          <reporter-output>
          </reporter-output>
        </test-method> <!-- signUpWithFirstNameOnly -->
        <test-method signature="signUpWithLastNameOnly()[pri:2, instance:te.application.api.test.B2C.negative.SignUpTest@72e5a8e]" started-at="2023-08-07T08:10:13Z" name="signUpWithLastNameOnly" description="Signup with only Lastname " finished-at="2023-08-07T08:10:14Z" duration-ms="671" status="PASS">
          <reporter-output>
          </reporter-output>
        </test-method> <!-- signUpWithLastNameOnly -->
        <test-method signature="signUpWithPasswordOnly()[pri:3, instance:te.application.api.test.B2C.negative.SignUpTest@72e5a8e]" started-at="2023-08-07T08:10:14Z" name="signUpWithPasswordOnly" description="Signup with only password " finished-at="2023-08-07T08:10:15Z" duration-ms="734" status="PASS">
          <reporter-output>
          </reporter-output>
        </test-method> <!-- signUpWithPasswordOnly -->
        <test-method signature="signupWithEmailAndFirstName()[pri:4, instance:te.application.api.test.B2C.negative.SignUpTest@72e5a8e]" started-at="2023-08-07T08:10:15Z" name="signupWithEmailAndFirstName" description="Signup with only email &amp; First Name " finished-at="2023-08-07T08:10:16Z" duration-ms="689" status="PASS">
          <reporter-output>
          </reporter-output>
        </test-method> <!-- signupWithEmailAndFirstName -->
        <test-method signature="signupWithEmailAndLastName()[pri:5, instance:te.application.api.test.B2C.negative.SignUpTest@72e5a8e]" started-at="2023-08-07T08:10:16Z" name="signupWithEmailAndLastName" description="Signup with only email &amp; Last Name " finished-at="2023-08-07T08:10:16Z" duration-ms="653" status="PASS">
          <reporter-output>
          </reporter-output>
        </test-method> <!-- signupWithEmailAndLastName -->
        <test-method signature="signupWithEmailAndPassword()[pri:6, instance:te.application.api.test.B2C.negative.SignUpTest@72e5a8e]" started-at="2023-08-07T08:10:16Z" name="signupWithEmailAndPassword" description="Signup with only email &amp; Password " finished-at="2023-08-07T08:10:17Z" duration-ms="1135" status="PASS">
          <reporter-output>
          </reporter-output>
        </test-method> <!-- signupWithEmailAndPassword -->
        <test-method signature="signupWithFirstNameAndLastName()[pri:7, instance:te.application.api.test.B2C.negative.SignUpTest@72e5a8e]" started-at="2023-08-07T08:10:17Z" name="signupWithFirstNameAndLastName" description="Signup with only FirstName &amp; LastName" finished-at="2023-08-07T08:10:18Z" duration-ms="877" status="PASS">
          <reporter-output>
          </reporter-output>
        </test-method> <!-- signupWithFirstNameAndLastName -->
        <test-method signature="signupWithFirstNameAndPassword()[pri:8, instance:te.application.api.test.B2C.negative.SignUpTest@72e5a8e]" started-at="2023-08-07T08:10:18Z" name="signupWithFirstNameAndPassword" description="Signup with only first name &amp; password " finished-at="2023-08-07T08:10:19Z" duration-ms="629" status="PASS">
          <reporter-output>
          </reporter-output>
        </test-method> <!-- signupWithFirstNameAndPassword -->
        <test-method signature="signupWithEmailFirstNameLastName()[pri:9, instance:te.application.api.test.B2C.negative.SignUpTest@72e5a8e]" started-at="2023-08-07T08:10:19Z" name="signupWithEmailFirstNameLastName" description="Signup with only email, first &amp; last name " finished-at="2023-08-07T08:10:19Z" duration-ms="580" status="PASS">
          <reporter-output>
          </reporter-output>
        </test-method> <!-- signupWithEmailFirstNameLastName -->
        <test-method signature="signupWithEmailFirstNamePassword()[pri:10, instance:te.application.api.test.B2C.negative.SignUpTest@72e5a8e]" started-at="2023-08-07T08:10:19Z" name="signupWithEmailFirstNamePassword" description="Signup with only email, first name &amp; password" finished-at="2023-08-07T08:10:21Z" duration-ms="1190" status="PASS">
          <reporter-output>
          </reporter-output>
        </test-method> <!-- signupWithEmailFirstNamePassword -->
        <test-method signature="signupWithLastNameFirstNamePassword()[pri:11, instance:te.application.api.test.B2C.negative.SignUpTest@72e5a8e]" started-at="2023-08-07T08:10:21Z" name="signupWithLastNameFirstNamePassword" description="Signup with only first name, last name &amp; password" finished-at="2023-08-07T08:10:21Z" duration-ms="618" status="PASS">
          <reporter-output>
          </reporter-output>
        </test-method> <!-- signupWithLastNameFirstNamePassword -->
        <test-method signature="signupWithEmailLastNamePassword()[pri:12, instance:te.application.api.test.B2C.negative.SignUpTest@72e5a8e]" started-at="2023-08-07T08:10:21Z" name="signupWithEmailLastNamePassword" description="Signup with only email, last name &amp; password" finished-at="2023-08-07T08:10:22Z" duration-ms="579" status="PASS">
          <reporter-output>
          </reporter-output>
        </test-method> <!-- signupWithEmailLastNamePassword -->
        <test-method signature="signupWithEmailFirstNameLastNamePassword()[pri:13, instance:te.application.api.test.B2C.negative.SignUpTest@72e5a8e]" started-at="2023-08-07T08:10:22Z" name="signupWithEmailFirstNameLastNamePassword" description="Signup with only Email,first name,last name &amp; password" finished-at="2023-08-07T08:10:24Z" duration-ms="1856" status="PASS">
          <reporter-output>
          </reporter-output>
        </test-method> <!-- signupWithEmailFirstNameLastNamePassword -->
        <test-method signature="signupWithOnlyDateOfBirth()[pri:14, instance:te.application.api.test.B2C.negative.SignUpTest@72e5a8e]" started-at="2023-08-07T08:10:24Z" name="signupWithOnlyDateOfBirth" description="Signup with only Date of Birth " finished-at="2023-08-07T08:10:24Z" duration-ms="668" status="PASS">
          <reporter-output>
          </reporter-output>
        </test-method> <!-- signupWithOnlyDateOfBirth -->
        <test-method signature="signupWithOnlyDateOfBirthAndFirstName()[pri:15, instance:te.application.api.test.B2C.negative.SignUpTest@72e5a8e]" started-at="2023-08-07T08:10:24Z" name="signupWithOnlyDateOfBirthAndFirstName" description="Signup with only Date of Birth, first name" finished-at="2023-08-07T08:10:25Z" duration-ms="605" status="PASS">
          <reporter-output>
          </reporter-output>
        </test-method> <!-- signupWithOnlyDateOfBirthAndFirstName -->
        <test-method signature="signupWithOnlyDateOfBirthAndLastName()[pri:16, instance:te.application.api.test.B2C.negative.SignUpTest@72e5a8e]" started-at="2023-08-07T08:10:25Z" name="signupWithOnlyDateOfBirthAndLastName" description="Signup with only Date of Birth, last name" finished-at="2023-08-07T08:10:27Z" duration-ms="1993" status="PASS">
          <reporter-output>
          </reporter-output>
        </test-method> <!-- signupWithOnlyDateOfBirthAndLastName -->
        <test-method signature="signupWithOnlyDateOfBirthFirstNameLastName()[pri:17, instance:te.application.api.test.B2C.negative.SignUpTest@72e5a8e]" started-at="2023-08-07T08:10:27Z" name="signupWithOnlyDateOfBirthFirstNameLastName" description="Signup with only Date of Birth,first name, last name" finished-at="2023-08-07T08:10:28Z" duration-ms="643" status="PASS">
          <reporter-output>
          </reporter-output>
        </test-method> <!-- signupWithOnlyDateOfBirthFirstNameLastName -->
        <test-method signature="signupWithOnlyEmailDateOfBirthFirstNameLastName()[pri:18, instance:te.application.api.test.B2C.negative.SignUpTest@72e5a8e]" started-at="2023-08-07T08:10:28Z" name="signupWithOnlyEmailDateOfBirthFirstNameLastName" description="Signup with only Email,Date of Birth,first name, last name" finished-at="2023-08-07T08:10:28Z" duration-ms="523" status="PASS">
          <reporter-output>
          </reporter-output>
        </test-method> <!-- signupWithOnlyEmailDateOfBirthFirstNameLastName -->
        <test-method signature="signupWithOnlyEmailDateOfBirthFirstNameLastNamePassword()[pri:19, instance:te.application.api.test.B2C.negative.SignUpTest@72e5a8e]" started-at="2023-08-07T08:10:28Z" name="signupWithOnlyEmailDateOfBirthFirstNameLastNamePassword" description="Signup with only Email,Date of Birth,first name, last name &amp; password" finished-at="2023-08-07T08:10:30Z" duration-ms="1997" status="PASS">
          <reporter-output>
          </reporter-output>
        </test-method> <!-- signupWithOnlyEmailDateOfBirthFirstNameLastNamePassword -->
        <test-method signature="signupWithOnlyEmailDateOfBirthPassword()[pri:20, instance:te.application.api.test.B2C.negative.SignUpTest@72e5a8e]" started-at="2023-08-07T08:10:30Z" name="signupWithOnlyEmailDateOfBirthPassword" description="Sign up with Email, Date of Birth &amp; password" finished-at="2023-08-07T08:10:31Z" duration-ms="532" status="PASS">
          <reporter-output>
          </reporter-output>
        </test-method> <!-- signupWithOnlyEmailDateOfBirthPassword -->
        <test-method signature="signupWithOnlyDateOfBirthPassword()[pri:21, instance:te.application.api.test.B2C.negative.SignUpTest@72e5a8e]" started-at="2023-08-07T08:10:31Z" name="signupWithOnlyDateOfBirthPassword" description="Signup with only Date of Birth , Email " finished-at="2023-08-07T08:10:31Z" duration-ms="623" status="PASS">
          <reporter-output>
          </reporter-output>
        </test-method> <!-- signupWithOnlyDateOfBirthPassword -->
        <test-method signature="signupWithOnlyNationality()[pri:22, instance:te.application.api.test.B2C.negative.SignUpTest@72e5a8e]" started-at="2023-08-07T08:10:31Z" name="signupWithOnlyNationality" description="Signup with only Nationality" finished-at="2023-08-07T08:10:32Z" duration-ms="811" status="PASS">
          <reporter-output>
          </reporter-output>
        </test-method> <!-- signupWithOnlyNationality -->
        <test-method signature="signupWithOnlyNationalityFirstName()[pri:23, instance:te.application.api.test.B2C.negative.SignUpTest@72e5a8e]" started-at="2023-08-07T08:10:32Z" name="signupWithOnlyNationalityFirstName" description="Signup with only Nationality, first name" finished-at="2023-08-07T08:10:33Z" duration-ms="583" status="PASS">
          <reporter-output>
          </reporter-output>
        </test-method> <!-- signupWithOnlyNationalityFirstName -->
        <test-method signature="signupWithOnlyNationalityEmail()[pri:24, instance:te.application.api.test.B2C.negative.SignUpTest@72e5a8e]" started-at="2023-08-07T08:10:33Z" name="signupWithOnlyNationalityEmail" description="Signup with only Nationality, Email" finished-at="2023-08-07T08:10:33Z" duration-ms="688" status="PASS">
          <reporter-output>
          </reporter-output>
        </test-method> <!-- signupWithOnlyNationalityEmail -->
        <test-method signature="signupWithOnlyNationalityPassword()[pri:25, instance:te.application.api.test.B2C.negative.SignUpTest@72e5a8e]" started-at="2023-08-07T08:10:33Z" name="signupWithOnlyNationalityPassword" description="Signup with only Nationality,Password" finished-at="2023-08-07T08:10:34Z" duration-ms="647" status="PASS">
          <reporter-output>
          </reporter-output>
        </test-method> <!-- signupWithOnlyNationalityPassword -->
        <test-method signature="signupWithOnlyNationalityDateOfBirth()[pri:26, instance:te.application.api.test.B2C.negative.SignUpTest@72e5a8e]" started-at="2023-08-07T08:10:34Z" name="signupWithOnlyNationalityDateOfBirth" description="Signup with only Nationality,Date of birth" finished-at="2023-08-07T08:10:34Z" duration-ms="507" status="PASS">
          <reporter-output>
          </reporter-output>
        </test-method> <!-- signupWithOnlyNationalityDateOfBirth -->
        <test-method signature="signupWithOnlyNationalityFirstNameEmail()[pri:27, instance:te.application.api.test.B2C.negative.SignUpTest@72e5a8e]" started-at="2023-08-07T08:10:34Z" name="signupWithOnlyNationalityFirstNameEmail" description="Signup with only Nationality,First Name,Email" finished-at="2023-08-07T08:10:35Z" duration-ms="440" status="PASS">
          <reporter-output>
          </reporter-output>
        </test-method> <!-- signupWithOnlyNationalityFirstNameEmail -->
        <test-method signature="signupWithOnlyNationalityLastNameEmail()[pri:28, instance:te.application.api.test.B2C.negative.SignUpTest@72e5a8e]" started-at="2023-08-07T08:10:35Z" name="signupWithOnlyNationalityLastNameEmail" description="Signup with only Nationality,Last Name, Email" finished-at="2023-08-07T08:10:35Z" duration-ms="475" status="PASS">
          <reporter-output>
          </reporter-output>
        </test-method> <!-- signupWithOnlyNationalityLastNameEmail -->
        <test-method signature="signupWithOnlyNationalityFirstNamePassword()[pri:30, instance:te.application.api.test.B2C.negative.SignUpTest@72e5a8e]" started-at="2023-08-07T08:10:35Z" name="signupWithOnlyNationalityFirstNamePassword" description="Signup with only Nationality, First Name, Password" finished-at="2023-08-07T08:10:36Z" duration-ms="522" status="PASS">
          <reporter-output>
          </reporter-output>
        </test-method> <!-- signupWithOnlyNationalityFirstNamePassword -->
        <test-method signature="signupWithOnlyNationalityLastNamePassword()[pri:30, instance:te.application.api.test.B2C.negative.SignUpTest@72e5a8e]" started-at="2023-08-07T08:10:36Z" name="signupWithOnlyNationalityLastNamePassword" description="Signup with only Nationality, Last Name, Password" finished-at="2023-08-07T08:10:36Z" duration-ms="570" status="PASS">
          <reporter-output>
          </reporter-output>
        </test-method> <!-- signupWithOnlyNationalityLastNamePassword -->
        <test-method signature="signupWithOnlyNationalityFirstNameDateOfBirth()[pri:32, instance:te.application.api.test.B2C.negative.SignUpTest@72e5a8e]" started-at="2023-08-07T08:10:36Z" name="signupWithOnlyNationalityFirstNameDateOfBirth" description="Signup with only Nationality, First Name, Date of Birth" finished-at="2023-08-07T08:10:37Z" duration-ms="740" status="PASS">
          <reporter-output>
          </reporter-output>
        </test-method> <!-- signupWithOnlyNationalityFirstNameDateOfBirth -->
        <test-method signature="signupWithOnlyNationalityLastNameDateOfBirth()[pri:33, instance:te.application.api.test.B2C.negative.SignUpTest@72e5a8e]" started-at="2023-08-07T08:10:37Z" name="signupWithOnlyNationalityLastNameDateOfBirth" description="Signup with only Nationality, Last Name, Date of Birth" finished-at="2023-08-07T08:10:38Z" duration-ms="1037" status="PASS">
          <reporter-output>
          </reporter-output>
        </test-method> <!-- signupWithOnlyNationalityLastNameDateOfBirth -->
        <test-method signature="signupWithOnlyNationalityEmailPasswordDateOfBirth()[pri:34, instance:te.application.api.test.B2C.negative.SignUpTest@72e5a8e]" started-at="2023-08-07T08:10:38Z" name="signupWithOnlyNationalityEmailPasswordDateOfBirth" description="Signup with only Nationality,email, password, Date of Birth" finished-at="2023-08-07T08:10:39Z" duration-ms="1105" status="PASS">
          <reporter-output>
          </reporter-output>
        </test-method> <!-- signupWithOnlyNationalityEmailPasswordDateOfBirth -->
        <test-method signature="signupWithOnlyNationalityEmailFirstNameLastNameDateOfBirth()[pri:35, instance:te.application.api.test.B2C.negative.SignUpTest@72e5a8e]" started-at="2023-08-07T08:10:39Z" name="signupWithOnlyNationalityEmailFirstNameLastNameDateOfBirth" description="Signup with only Nationality, first name, last name, email, Date of Birth" finished-at="2023-08-07T08:10:40Z" duration-ms="663" status="PASS">
          <reporter-output>
          </reporter-output>
        </test-method> <!-- signupWithOnlyNationalityEmailFirstNameLastNameDateOfBirth -->
        <test-method signature="signupWithOnlyNationalityDateOfBirthFirstNameLastNamePassword()[pri:37, instance:te.application.api.test.B2C.negative.SignUpTest@72e5a8e]" started-at="2023-08-07T08:10:40Z" name="signupWithOnlyNationalityDateOfBirthFirstNameLastNamePassword" description="Signup with only Nationality, first name, last name, Date of birth, Password" finished-at="2023-08-07T08:10:41Z" duration-ms="516" status="PASS">
          <reporter-output>
          </reporter-output>
        </test-method> <!-- signupWithOnlyNationalityDateOfBirthFirstNameLastNamePassword -->
        <test-method signature="signupWithOnlyNationalityDateOfBirthFirstNameLastNamePasswordEmail()[pri:38, instance:te.application.api.test.B2C.negative.SignUpTest@72e5a8e]" started-at="2023-08-07T08:10:41Z" name="signupWithOnlyNationalityDateOfBirthFirstNameLastNamePasswordEmail" description="Signup with only Nationality, first name, last name, Date of birth, Password, Email" finished-at="2023-08-07T08:10:42Z" duration-ms="1830" status="PASS">
          <reporter-output>
          </reporter-output>
        </test-method> <!-- signupWithOnlyNationalityDateOfBirthFirstNameLastNamePasswordEmail -->
        <test-method signature="signupWithOnlyNationalityDateOfBirthFirstNamePasswordEmail()[pri:39, instance:te.application.api.test.B2C.negative.SignUpTest@72e5a8e]" started-at="2023-08-07T08:10:42Z" name="signupWithOnlyNationalityDateOfBirthFirstNamePasswordEmail" description="Signup with only first name, email, password, Date of Birth, Nationality" finished-at="2023-08-07T08:10:43Z" duration-ms="554" status="PASS">
          <reporter-output>
          </reporter-output>
        </test-method> <!-- signupWithOnlyNationalityDateOfBirthFirstNamePasswordEmail -->
        <test-method signature="signupWithOnlyNationalityDateOfBirthLastNamePasswordEmail()[pri:40, instance:te.application.api.test.B2C.negative.SignUpTest@72e5a8e]" started-at="2023-08-07T08:10:43Z" name="signupWithOnlyNationalityDateOfBirthLastNamePasswordEmail" description="Signup with only last name, email, password, Date of Birth, Nationality" finished-at="2023-08-07T08:10:44Z" duration-ms="594" status="PASS">
          <reporter-output>
          </reporter-output>
        </test-method> <!-- signupWithOnlyNationalityDateOfBirthLastNamePasswordEmail -->
      </class> <!-- te.application.api.test.B2C.negative.SignUpTest -->
    </test> <!-- Sign Up Negative Scenarios -->
    <test started-at="2023-08-07T08:10:49Z" name="Sign Up" finished-at="2023-08-07T08:10:52Z" duration-ms="3281">
      <class name="te.application.api.test.B2C.positive.SignUpTest">
        <test-method is-config="true" signature="setUp()[pri:0, instance:te.application.api.test.B2C.positive.SignUpTest@1ed6388a]" started-at="2023-08-07T08:10:49Z" name="setUp" finished-at="2023-08-07T08:10:51Z" duration-ms="2014" status="PASS">
          <reporter-output>
          </reporter-output>
        </test-method> <!-- setUp -->
        <test-method signature="checkStatus()[pri:0, instance:te.application.api.test.B2C.positive.SignUpTest@1ed6388a]" started-at="2023-08-07T08:10:51Z" name="checkStatus" description="Status code check" finished-at="2023-08-07T08:10:51Z" duration-ms="1" status="PASS">
          <reporter-output>
          </reporter-output>
        </test-method> <!-- checkStatus -->
        <test-method signature="checkMessage()[pri:1, instance:te.application.api.test.B2C.positive.SignUpTest@1ed6388a]" started-at="2023-08-07T08:10:51Z" name="checkMessage" description="Verify message" finished-at="2023-08-07T08:10:51Z" duration-ms="6" status="PASS">
          <reporter-output>
          </reporter-output>
        </test-method> <!-- checkMessage -->
        <test-method signature="checkFirstName()[pri:2, instance:te.application.api.test.B2C.positive.SignUpTest@1ed6388a]" started-at="2023-08-07T08:10:51Z" name="checkFirstName" description="Verify First name" finished-at="2023-08-07T08:10:51Z" duration-ms="6" status="PASS">
          <reporter-output>
          </reporter-output>
        </test-method> <!-- checkFirstName -->
        <test-method signature="checkLastName()[pri:3, instance:te.application.api.test.B2C.positive.SignUpTest@1ed6388a]" started-at="2023-08-07T08:10:51Z" name="checkLastName" description="Verify last name" finished-at="2023-08-07T08:10:51Z" duration-ms="6" status="PASS">
          <reporter-output>
          </reporter-output>
        </test-method> <!-- checkLastName -->
        <test-method signature="checkSessionToken()[pri:4, instance:te.application.api.test.B2C.positive.SignUpTest@1ed6388a]" started-at="2023-08-07T08:10:51Z" name="checkSessionToken" description="Verify session token" finished-at="2023-08-07T08:10:51Z" duration-ms="7" status="PASS">
          <reporter-output>
          </reporter-output>
        </test-method> <!-- checkSessionToken -->
        <test-method signature="checkNewResister()[pri:5, instance:te.application.api.test.B2C.positive.SignUpTest@1ed6388a]" started-at="2023-08-07T08:10:51Z" name="checkNewResister" description="Verify newly registers" finished-at="2023-08-07T08:10:51Z" duration-ms="6" status="PASS">
          <reporter-output>
          </reporter-output>
        </test-method> <!-- checkNewResister -->
        <test-method signature="checkNationality()[pri:6, instance:te.application.api.test.B2C.positive.SignUpTest@1ed6388a]" started-at="2023-08-07T08:10:51Z" name="checkNationality" description="Verify nationality" finished-at="2023-08-07T08:10:51Z" duration-ms="6" status="PASS">
          <reporter-output>
          </reporter-output>
        </test-method> <!-- checkNationality -->
        <test-method signature="checkBirthdate()[pri:7, instance:te.application.api.test.B2C.positive.SignUpTest@1ed6388a]" started-at="2023-08-07T08:10:51Z" name="checkBirthdate" description="Verify date of birth" finished-at="2023-08-07T08:10:51Z" duration-ms="6" status="PASS">
          <reporter-output>
          </reporter-output>
        </test-method> <!-- checkBirthdate -->
        <test-method signature="checkAlreadyExistEmail()[pri:8, instance:te.application.api.test.B2C.positive.SignUpTest@1ed6388a]" started-at="2023-08-07T08:10:51Z" name="checkAlreadyExistEmail" description="Verify already exist customer with this email" finished-at="2023-08-07T08:10:52Z" duration-ms="1220" status="PASS">
          <reporter-output>
          </reporter-output>
        </test-method> <!-- checkAlreadyExistEmail -->
      </class> <!-- te.application.api.test.B2C.positive.SignUpTest -->
    </test> <!-- Sign Up -->
    <test started-at="2023-08-07T08:10:52Z" name="Sign In Negative Scenarios" finished-at="2023-08-07T08:10:55Z" duration-ms="2778">
      <class name="te.application.api.test.B2C.negative.SignInTest">
        <test-method is-config="true" signature="setUpSuite()[pri:0, instance:te.application.api.test.B2C.negative.SignInTest@a38c7fe]" started-at="2023-08-07T08:10:04Z" name="setUpSuite" finished-at="2023-08-07T08:10:04Z" duration-ms="333" status="PASS">
          <reporter-output>
          </reporter-output>
        </test-method> <!-- setUpSuite -->
        <test-method signature="signInWithRandomEmailAndValidPassword()[pri:0, instance:te.application.api.test.B2C.negative.SignInTest@a38c7fe]" started-at="2023-08-07T08:10:52Z" name="signInWithRandomEmailAndValidPassword" description="Sign In with Random EmailId and Valid password" finished-at="2023-08-07T08:10:52Z" duration-ms="483" status="PASS">
          <reporter-output>
          </reporter-output>
        </test-method> <!-- signInWithRandomEmailAndValidPassword -->
        <test-method signature="signInWithValidEmailAndRandomPassword()[pri:1, instance:te.application.api.test.B2C.negative.SignInTest@a38c7fe]" started-at="2023-08-07T08:10:52Z" name="signInWithValidEmailAndRandomPassword" description="Sign In with valid EmailId and Random password" finished-at="2023-08-07T08:10:53Z" duration-ms="893" status="PASS">
          <reporter-output>
          </reporter-output>
        </test-method> <!-- signInWithValidEmailAndRandomPassword -->
        <test-method signature="signInWithBlankCredentials()[pri:2, instance:te.application.api.test.B2C.negative.SignInTest@a38c7fe]" started-at="2023-08-07T08:10:53Z" name="signInWithBlankCredentials" description="Sign In with blank credentials." finished-at="2023-08-07T08:10:54Z" duration-ms="449" status="PASS">
          <reporter-output>
          </reporter-output>
        </test-method> <!-- signInWithBlankCredentials -->
        <test-method signature="signInWithEmailOnly()[pri:3, instance:te.application.api.test.B2C.negative.SignInTest@a38c7fe]" started-at="2023-08-07T08:10:54Z" name="signInWithEmailOnly" description="SignIn with Email Only" finished-at="2023-08-07T08:10:54Z" duration-ms="585" status="PASS">
          <reporter-output>
          </reporter-output>
        </test-method> <!-- signInWithEmailOnly -->
        <test-method signature="signInWithPasswordOnly()[pri:4, instance:te.application.api.test.B2C.negative.SignInTest@a38c7fe]" started-at="2023-08-07T08:10:54Z" name="signInWithPasswordOnly" description="SignIn with Password Only" finished-at="2023-08-07T08:10:55Z" duration-ms="366" status="PASS">
          <reporter-output>
          </reporter-output>
        </test-method> <!-- signInWithPasswordOnly -->
        <test-method is-config="true" signature="tearDownSuite()[pri:0, instance:te.application.api.test.B2C.negative.SignInTest@a38c7fe]" started-at="2023-08-07T08:11:00Z" name="tearDownSuite" finished-at="2023-08-07T08:11:00Z" duration-ms="0" status="PASS">
          <reporter-output>
          </reporter-output>
        </test-method> <!-- tearDownSuite -->
      </class> <!-- te.application.api.test.B2C.negative.SignInTest -->
    </test> <!-- Sign In Negative Scenarios -->
  </suite> <!-- API Test Suite -->
</testng-results>
