<?xml version="1.0" encoding="UTF-8"?>
<!-- Generated by org.testng.reporters.JUnitXMLReporter -->
<testsuite ignored="0" hostname="ENT20071214.local" failures="0" tests="5" name="Forgot Password" time="2.072" errors="0" timestamp="07 Aug 2023 08:10:12 GMT">
  <testcase classname="te.application.api.test.B2C.positive.ForgetPasswordTest" name="checkStatus" time="0.409"/>
  <testcase classname="te.application.api.test.B2C.positive.ForgetPasswordTest" name="checkMessage" time="0.009"/>
  <testcase classname="te.application.api.test.B2C.positive.ForgetPasswordTest" name="successMessage" time="0.008"/>
  <testcase classname="te.application.api.test.B2C.positive.ForgetPasswordTest" name="checkSentStatus" time="0.009"/>
  <testcase classname="te.application.api.test.B2C.positive.ForgetPasswordTest" name="checkResetPasswordMessage" time="0.007"/>
</testsuite> <!-- Forgot Password -->
