<?xml version="1.0" encoding="UTF-8"?>
<!-- Generated by org.testng.reporters.JUnitXMLReporter -->
<testsuite ignored="0" hostname="ENT20071214.local" failures="0" tests="9" name="Sign Up" time="3.281" errors="0" timestamp="07 Aug 2023 08:10:52 GMT">
  <testcase classname="te.application.api.test.B2C.positive.SignUpTest" name="checkStatus" time="0.001"/>
  <testcase classname="te.application.api.test.B2C.positive.SignUpTest" name="checkMessage" time="0.006"/>
  <testcase classname="te.application.api.test.B2C.positive.SignUpTest" name="checkFirstName" time="0.006"/>
  <testcase classname="te.application.api.test.B2C.positive.SignUpTest" name="checkLastName" time="0.006"/>
  <testcase classname="te.application.api.test.B2C.positive.SignUpTest" name="checkSessionToken" time="0.007"/>
  <testcase classname="te.application.api.test.B2C.positive.SignUpTest" name="checkNewResister" time="0.006"/>
  <testcase classname="te.application.api.test.B2C.positive.SignUpTest" name="checkNationality" time="0.006"/>
  <testcase classname="te.application.api.test.B2C.positive.SignUpTest" name="checkBirthdate" time="0.006"/>
  <testcase classname="te.application.api.test.B2C.positive.SignUpTest" name="checkAlreadyExistEmail" time="1.22"/>
</testsuite> <!-- Sign Up -->
